<?xml version="1.0" encoding="utf-8"?><testsuites name="pytest tests"><testsuite name="pytest" errors="0" failures="0" skipped="0" tests="36" time="1.037" timestamp="2026-08-13T23:58:34.677680+00:00" hostname="vm"><testcase classname="tests.test_collector" name="test_duplicate_record_id_is_flagged_not_dropped" time="0.001" /><testcase classname="tests.test_collector" name="test_eligible_records_excludes_duplicate_occurrence" time="0.000" /><testcase classname="tests.test_collector" name="test_timezone_offset_is_normalized_to_utc" time="0.000" /><testcase classname="tests.test_collector" name="test_stale_evidence_is_flagged_by_age_threshold" time="0.000" /><testcase classname="tests.test_collector" name="test_malformed_timestamp_is_flagged_not_raised" time="0.000" /><testcase classname="tests.test_collector" name="test_missing_timestamp_flagged_when_row_has_blank_event_time" time="0.003" /><testcase classname="tests.test_collector" name="test_checksum_manifest_detects_positive_and_negative_cases" time="0.001" /><testcase classname="tests.test_collector" name="test_checksum_manifest_missing_file_reported_not_raised" time="0.001" /><testcase classname="tests.test_end_to_end" name="test_clean_state_run_produces_12_tests" time="0.006" /><testcase classname="tests.test_end_to_end" name="test_rerun_from_clean_state_is_byte_identical_except_timestamp" time="0.010" /><testcase classname="tests.test_end_to_end" name="test_no_verdict_is_conforming_when_a_required_sample_is_missing" time="0.003" /><testcase classname="tests.test_end_to_end" name="test_a_failed_required_sample_never_yields_conforms" time="0.003" /><testcase classname="tests.test_evidence_index" name="test_evidence_index_is_actually_produced_by_the_documented_build_step" time="0.006" /><testcase classname="tests.test_evidence_index" name="test_evidence_index_covers_every_one_of_the_12_tests" time="0.007" /><testcase classname="tests.test_evidence_index" name="test_evidence_index_covers_all_3_prior_findings" time="0.006" /><testcase classname="tests.test_evidence_index" name="test_evidence_index_hashes_reproduce_identically_across_two_runs" time="0.012" /><testcase classname="tests.test_evidence_index" name="test_evidence_index_claim_ids_are_unique_and_sequential" time="0.006" /><testcase classname="tests.test_evidence_index" name="test_evidence_index_never_silently_fabricates_a_hash_for_narrative_evidence" time="0.006" /><testcase classname="tests.test_report_generation_e2e" name="test_full_documented_pipeline_runs_from_a_genuinely_clean_copy" time="0.412" /><testcase classname="tests.test_report_generation_e2e" name="test_pipeline_does_not_silently_depend_on_a_stale_file_from_a_prior_run" time="0.310" /><testcase classname="tests.test_sampler" name="test_same_marker_same_population_reproduces_identical_sample" time="0.000" /><testcase classname="tests.test_sampler" name="test_different_marker_can_produce_a_different_sample" time="0.000" /><testcase classname="tests.test_sampler" name="test_row_order_does_not_affect_selection" time="0.000" /><testcase classname="tests.test_sampler" name="test_sample_size_capped_at_published_max" time="0.000" /><testcase classname="tests.test_sampler" name="test_sample_size_shrinks_to_small_population" time="0.000" /><testcase classname="tests.test_sampler" name="test_empty_population_yields_zero_sample_not_error" time="0.000" /><testcase classname="tests.test_sampler" name="test_selected_and_not_selected_partition_the_population" time="0.000" /><testcase classname="tests.test_schema_validation" name="test_evidence_verdicts_matches_its_published_schema" time="0.008" /><testcase classname="tests.test_schema_validation" name="test_sample_manifest_rows_match_its_published_schema" time="0.026" /><testcase classname="tests.test_schema_validation" name="test_committed_evidence_verdicts_json_also_matches_schema" time="0.003" /><testcase classname="tests.test_severity_fixtures" name="test_all_24_public_fixtures_classify_correctly" time="0.002" /><testcase classname="tests.test_severity_fixtures" name="test_fixture_count_matches_published_total" time="0.000" /><testcase classname="tests.test_severity_negative" name="test_missing_fact_key_raises_rather_than_defaulting_to_pass" time="0.002" /><testcase classname="tests.test_severity_negative" name="test_unknown_condition_in_severity_yaml_is_rejected_at_load" time="0.002" /><testcase classname="tests.test_severity_negative" name="test_unsupported_precedence_mode_is_rejected" time="0.002" /><testcase classname="tests.test_transfer_style_fixture" name="test_transfer_style_cases_not_in_published_fixture_set" time="0.003" /></testsuite></testsuites>